<?xml version="1.0" encoding="UTF-8" ?>
<testsuite failures="0" time="2.472" errors="0" skipped="0" tests="7" name="org.msh.quantb.services.excel.TestImportExcel">
  <properties>
[...]
</properties>
  <testcase time="0.549" classname="org.msh.quantb.services.excel.TestImportExcel" name="testOnlyOrders"/>
  <testcase time="0.14" classname="org.msh.quantb.services.excel.TestImportExcel" name="testStocksAndOrders"/>
  <testcase time="0.184" classname="org.msh.quantb.services.excel.TestImportExcel" name="testStockFromTempl"/>
  <testcase time="0.133" classname="org.msh.quantb.services.excel.TestImportExcel" name="testStockOrderFromTempl"/>
  <testcase time="0.079" classname="org.msh.quantb.services.excel.TestImportExcel" name="testOrderFromTempl"/>
  <testcase time="1.253" classname="org.msh.quantb.services.excel.TestImportExcel" name="testCreateImportTemplate"/>
  <testcase time="0.134" classname="org.msh.quantb.services.excel.TestImportExcel" name="testOnlyStock"/>
</testsuite>