<?xml version="1.0" encoding="UTF-8" ?>
<testsuite failures="0" time="57.71" errors="0" skipped="0" tests="26" name="org.msh.quantb.services.calc.TestCalculation">
  <properties>
[...]
</properties>
  <testcase time="0.49" classname="org.msh.quantb.services.calc.TestCalculation" name="testIgnoreTimezone"/>
  <testcase time="0.164" classname="org.msh.quantb.services.calc.TestCalculation" name="testCasesQuantitySimple"/>
  <testcase time="4.316" classname="org.msh.quantb.services.calc.TestCalculation" name="testCheckMed_stockOnHand"/>
  <testcase time="2.547" classname="org.msh.quantb.services.calc.TestCalculation" name="testCheckMed_stockOrder"/>
  <testcase time="2.423" classname="org.msh.quantb.services.calc.TestCalculation" name="testCheckRegim_treatment"/>
  <testcase time="2.301" classname="org.msh.quantb.services.calc.TestCalculation" name="testCheckRegim_new"/>
  <testcase time="15.847" classname="org.msh.quantb.services.calc.TestCalculation" name="testDeliveryExactCalculatorPessimist"/>
  <testcase time="1.429" classname="org.msh.quantb.services.calc.TestCalculation" name="testPersCheckMed_stockOnHand"/>
  <testcase time="1.413" classname="org.msh.quantb.services.calc.TestCalculation" name="testPersCheckMed_stockOrder"/>
  <testcase time="1.466" classname="org.msh.quantb.services.calc.TestCalculation" name="testPersCheckRegim_treatment"/>
  <testcase time="1.415" classname="org.msh.quantb.services.calc.TestCalculation" name="testPersCheckRegim_new"/>
  <testcase time="0.819" classname="org.msh.quantb.services.calc.TestCalculation" name="testCalcCasesQuantities"/>
  <testcase time="1.277" classname="org.msh.quantb.services.calc.TestCalculation" name="testCalcCasesQuantities_Split"/>
  <testcase time="0.207" classname="org.msh.quantb.services.calc.TestCalculation" name="testValidateMergeForecastings"/>
  <testcase time="1.417" classname="org.msh.quantb.services.calc.TestCalculation" name="testMergeForecastings"/>
  <testcase time="0.498" classname="org.msh.quantb.services.calc.TestCalculation" name="testPercentage"/>
  <testcase time="0.479" classname="org.msh.quantb.services.calc.TestCalculation" name="testPercentage_split"/>
  <testcase time="0.247" classname="org.msh.quantb.services.calc.TestCalculation" name="testPercentage_MergeValidate"/>
  <testcase time="0.998" classname="org.msh.quantb.services.calc.TestCalculation" name="testPercentage_Merge"/>
  <testcase time="0.651" classname="org.msh.quantb.services.calc.TestCalculation" name="testExpectedToPers"/>
  <testcase time="0.596" classname="org.msh.quantb.services.calc.TestCalculation" name="testExpectedQuan"/>
  <testcase time="0.979" classname="org.msh.quantb.services.calc.TestCalculation" name="testEnrolledToPers"/>
  <testcase time="0.35" classname="org.msh.quantb.services.calc.TestCalculation" name="testEnrolledToQuan"/>
  <testcase time="3.496" classname="org.msh.quantb.services.calc.TestCalculation" name="testDeliveriesForChart"/>
  <testcase time="4.444" classname="org.msh.quantb.services.calc.TestCalculation" name="testPessimisticScenario"/>
  <testcase time="7.441" classname="org.msh.quantb.services.calc.TestCalculation" name="testDeliveryOrdersControl"/>
</testsuite>